2020-10-22 20:07:17 [INFO ] c.sbs.example.lolHi.LolHiApplication - Starting LolHiApplication on DESKTOP-PSJ7LQ1 with PID 2140 (C:\work\sts-4.7.1.RELEASE-workspace\lolHi\target\classes started by user in C:\work\sts-4.7.1.RELEASE-workspace\lolHi)
2020-10-22 20:07:17 [INFO ] c.sbs.example.lolHi.LolHiApplication - The following profiles are active: local
2020-10-22 20:07:17 [INFO ] o.s.b.d.e.DevToolsPropertyDefaultsPostProcessor - Devtools property defaults active! Set 'spring.devtools.add-properties' to 'false' to disable
2020-10-22 20:07:17 [INFO ] o.s.b.d.e.DevToolsPropertyDefaultsPostProcessor - For additional web related logging consider setting the 'logging.level.web' property to 'DEBUG'
2020-10-22 20:07:18 [INFO ] o.s.b.w.e.tomcat.TomcatWebServer - Tomcat initialized with port(s): 8085 (http)
2020-10-22 20:07:18 [INFO ] o.a.coyote.http11.Http11NioProtocol - Initializing ProtocolHandler ["http-nio-8085"]
2020-10-22 20:07:18 [INFO ] o.a.catalina.core.StandardService - Starting service [Tomcat]
2020-10-22 20:07:18 [INFO ] o.a.catalina.core.StandardEngine - Starting Servlet engine: [Apache Tomcat/9.0.38]
2020-10-22 20:07:18 [INFO ] org.apache.jasper.servlet.TldScanner - At least one JAR was scanned for TLDs yet contained no TLDs. Enable debug logging for this logger for a complete list of JARs that were scanned but no TLDs were found in them. Skipping unneeded JARs during scanning can improve startup time and JSP compilation time.
2020-10-22 20:07:18 [INFO ] o.a.c.c.C.[Tomcat].[localhost].[/] - Initializing Spring embedded WebApplicationContext
2020-10-22 20:07:18 [INFO ] o.s.b.w.s.c.ServletWebServerApplicationContext - Root WebApplicationContext: initialization completed in 855 ms
2020-10-22 20:07:19 [INFO ] o.s.s.c.ThreadPoolTaskExecutor - Initializing ExecutorService 'applicationTaskExecutor'
2020-10-22 20:07:19 [INFO ] o.s.b.d.a.OptionalLiveReloadServer - LiveReload server is running on port 35729
2020-10-22 20:07:19 [INFO ] o.a.coyote.http11.Http11NioProtocol - Starting ProtocolHandler ["http-nio-8085"]
2020-10-22 20:07:19 [INFO ] o.s.b.w.e.tomcat.TomcatWebServer - Tomcat started on port(s): 8085 (http) with context path ''
2020-10-22 20:07:19 [INFO ] c.sbs.example.lolHi.LolHiApplication - Started LolHiApplication in 1.581 seconds (JVM running for 2.132)
2020-10-22 20:07:33 [INFO ] o.a.c.c.C.[Tomcat].[localhost].[/] - Initializing Spring DispatcherServlet 'dispatcherServlet'
2020-10-22 20:07:33 [INFO ] o.s.web.servlet.DispatcherServlet - Initializing Servlet 'dispatcherServlet'
2020-10-22 20:07:33 [INFO ] o.s.web.servlet.DispatcherServlet - Completed initialization in 4 ms
2020-10-22 20:07:33 [INFO ] com.zaxxer.hikari.HikariDataSource - HikariPool-1 - Starting...
2020-10-22 20:07:33 [INFO ] com.zaxxer.hikari.HikariDataSource - HikariPool-1 - Start completed.
2020-10-22 20:07:33 [DEBUG] jdbc.sqltiming -  com.zaxxer.hikari.pool.ProxyPreparedStatement.execute(ProxyPreparedStatement.java:44)
1. SELECT COUNT(*)
		FROM article
 {executed in 15 msec}
2020-10-22 20:07:33 [INFO ] jdbc.resultsettable - 
|---------|
|count(*) |
|---------|
|53       |
|---------|

2020-10-22 20:07:33 [DEBUG] jdbc.sqltiming -  com.zaxxer.hikari.pool.ProxyPreparedStatement.execute(ProxyPreparedStatement.java:44)
1. SELECT *
		FROM article
		ORDER BY id DESC

			LIMIT 0, 10
 {executed in 2 msec}
2020-10-22 20:07:33 [INFO ] jdbc.resultsettable - 
|---|--------------------|--------------------|------|-----|
|id |regdate             |updatedate          |title |body |
|---|--------------------|--------------------|------|-----|
|53 |2020-10-20 22:38:24 |2020-10-20 22:38:24 |제목2   |내용2  |
|52 |2020-10-20 22:38:24 |2020-10-20 22:38:24 |제목1   |내용1  |
|51 |2020-10-20 22:38:24 |2020-10-20 22:38:24 |제목3   |내용3  |
|50 |2020-10-20 22:38:24 |2020-10-20 22:38:24 |제목2   |내용2  |
|49 |2020-10-20 22:38:24 |2020-10-20 22:38:24 |제목1   |내용1  |
|48 |2020-10-20 22:38:24 |2020-10-20 22:38:24 |제목3   |내용3  |
|47 |2020-10-20 22:38:24 |2020-10-20 22:38:24 |제목2   |내용2  |
|46 |2020-10-20 22:38:24 |2020-10-20 22:38:24 |제목1   |내용1  |
|45 |2020-10-20 22:38:24 |2020-10-20 22:38:24 |제목3   |내용3  |
|44 |2020-10-20 22:38:24 |2020-10-20 22:38:24 |제목2   |내용2  |
|---|--------------------|--------------------|------|-----|

2020-10-22 20:07:57 [INFO ] o.s.s.c.ThreadPoolTaskExecutor - Shutting down ExecutorService 'applicationTaskExecutor'
2020-10-22 20:07:57 [INFO ] com.zaxxer.hikari.HikariDataSource - HikariPool-1 - Shutdown initiated...
2020-10-22 20:07:57 [INFO ] com.zaxxer.hikari.HikariDataSource - HikariPool-1 - Shutdown completed.
2020-10-22 20:07:57 [INFO ] c.sbs.example.lolHi.LolHiApplication - Starting LolHiApplication on DESKTOP-PSJ7LQ1 with PID 2140 (C:\work\sts-4.7.1.RELEASE-workspace\lolHi\target\classes started by user in C:\work\sts-4.7.1.RELEASE-workspace\lolHi)
2020-10-22 20:07:57 [INFO ] c.sbs.example.lolHi.LolHiApplication - The following profiles are active: local
2020-10-22 20:07:58 [INFO ] o.s.b.w.e.tomcat.TomcatWebServer - Tomcat initialized with port(s): 8085 (http)
2020-10-22 20:07:58 [INFO ] o.a.coyote.http11.Http11NioProtocol - Initializing ProtocolHandler ["http-nio-8085"]
2020-10-22 20:07:58 [INFO ] o.a.catalina.core.StandardService - Starting service [Tomcat]
2020-10-22 20:07:58 [INFO ] o.a.catalina.core.StandardEngine - Starting Servlet engine: [Apache Tomcat/9.0.38]
2020-10-22 20:07:58 [INFO ] org.apache.jasper.servlet.TldScanner - At least one JAR was scanned for TLDs yet contained no TLDs. Enable debug logging for this logger for a complete list of JARs that were scanned but no TLDs were found in them. Skipping unneeded JARs during scanning can improve startup time and JSP compilation time.
2020-10-22 20:07:58 [INFO ] o.a.c.c.C.[Tomcat].[localhost].[/] - Initializing Spring embedded WebApplicationContext
2020-10-22 20:07:58 [INFO ] o.s.b.w.s.c.ServletWebServerApplicationContext - Root WebApplicationContext: initialization completed in 218 ms
2020-10-22 20:07:58 [INFO ] o.s.s.c.ThreadPoolTaskExecutor - Initializing ExecutorService 'applicationTaskExecutor'
2020-10-22 20:07:58 [INFO ] o.s.b.d.a.OptionalLiveReloadServer - LiveReload server is running on port 35729
2020-10-22 20:07:58 [INFO ] o.a.coyote.http11.Http11NioProtocol - Starting ProtocolHandler ["http-nio-8085"]
2020-10-22 20:07:58 [INFO ] o.s.b.w.e.tomcat.TomcatWebServer - Tomcat started on port(s): 8085 (http) with context path ''
2020-10-22 20:07:58 [INFO ] c.sbs.example.lolHi.LolHiApplication - Started LolHiApplication in 0.364 seconds (JVM running for 41.15)
2020-10-22 20:07:58 [INFO ] o.s.b.d.a.ConditionEvaluationDeltaLoggingListener - Condition evaluation unchanged
2020-10-22 20:10:35 [INFO ] o.s.s.c.ThreadPoolTaskExecutor - Shutting down ExecutorService 'applicationTaskExecutor'
2020-10-22 20:10:35 [INFO ] c.sbs.example.lolHi.LolHiApplication - Starting LolHiApplication on DESKTOP-PSJ7LQ1 with PID 2140 (C:\work\sts-4.7.1.RELEASE-workspace\lolHi\target\classes started by user in C:\work\sts-4.7.1.RELEASE-workspace\lolHi)
2020-10-22 20:10:35 [INFO ] c.sbs.example.lolHi.LolHiApplication - The following profiles are active: local
2020-10-22 20:10:36 [INFO ] o.s.b.w.e.tomcat.TomcatWebServer - Tomcat initialized with port(s): 8085 (http)
2020-10-22 20:10:36 [INFO ] o.a.coyote.http11.Http11NioProtocol - Initializing ProtocolHandler ["http-nio-8085"]
2020-10-22 20:10:36 [INFO ] o.a.catalina.core.StandardService - Starting service [Tomcat]
2020-10-22 20:10:36 [INFO ] o.a.catalina.core.StandardEngine - Starting Servlet engine: [Apache Tomcat/9.0.38]
2020-10-22 20:10:36 [INFO ] org.apache.jasper.servlet.TldScanner - At least one JAR was scanned for TLDs yet contained no TLDs. Enable debug logging for this logger for a complete list of JARs that were scanned but no TLDs were found in them. Skipping unneeded JARs during scanning can improve startup time and JSP compilation time.
2020-10-22 20:10:36 [INFO ] o.a.c.c.C.[Tomcat].[localhost].[/] - Initializing Spring embedded WebApplicationContext
2020-10-22 20:10:36 [INFO ] o.s.b.w.s.c.ServletWebServerApplicationContext - Root WebApplicationContext: initialization completed in 193 ms
2020-10-22 20:10:36 [INFO ] o.s.s.c.ThreadPoolTaskExecutor - Initializing ExecutorService 'applicationTaskExecutor'
2020-10-22 20:10:36 [INFO ] o.s.b.d.a.OptionalLiveReloadServer - LiveReload server is running on port 35729
2020-10-22 20:10:36 [INFO ] o.a.coyote.http11.Http11NioProtocol - Starting ProtocolHandler ["http-nio-8085"]
2020-10-22 20:10:36 [INFO ] o.s.b.w.e.tomcat.TomcatWebServer - Tomcat started on port(s): 8085 (http) with context path ''
2020-10-22 20:10:36 [INFO ] c.sbs.example.lolHi.LolHiApplication - Started LolHiApplication in 0.325 seconds (JVM running for 199.135)
2020-10-22 20:10:36 [INFO ] o.s.b.d.a.ConditionEvaluationDeltaLoggingListener - Condition evaluation unchanged
2020-10-22 20:10:52 [INFO ] o.s.s.c.ThreadPoolTaskExecutor - Shutting down ExecutorService 'applicationTaskExecutor'
2020-10-22 20:10:52 [INFO ] c.sbs.example.lolHi.LolHiApplication - Starting LolHiApplication on DESKTOP-PSJ7LQ1 with PID 2140 (C:\work\sts-4.7.1.RELEASE-workspace\lolHi\target\classes started by user in C:\work\sts-4.7.1.RELEASE-workspace\lolHi)
2020-10-22 20:10:52 [INFO ] c.sbs.example.lolHi.LolHiApplication - The following profiles are active: local
2020-10-22 20:10:52 [INFO ] o.s.b.w.e.tomcat.TomcatWebServer - Tomcat initialized with port(s): 8085 (http)
2020-10-22 20:10:52 [INFO ] o.a.coyote.http11.Http11NioProtocol - Initializing ProtocolHandler ["http-nio-8085"]
2020-10-22 20:10:52 [INFO ] o.a.catalina.core.StandardService - Starting service [Tomcat]
2020-10-22 20:10:52 [INFO ] o.a.catalina.core.StandardEngine - Starting Servlet engine: [Apache Tomcat/9.0.38]
2020-10-22 20:10:53 [INFO ] org.apache.jasper.servlet.TldScanner - At least one JAR was scanned for TLDs yet contained no TLDs. Enable debug logging for this logger for a complete list of JARs that were scanned but no TLDs were found in them. Skipping unneeded JARs during scanning can improve startup time and JSP compilation time.
2020-10-22 20:10:53 [INFO ] o.a.c.c.C.[Tomcat].[localhost].[/] - Initializing Spring embedded WebApplicationContext
2020-10-22 20:10:53 [INFO ] o.s.b.w.s.c.ServletWebServerApplicationContext - Root WebApplicationContext: initialization completed in 173 ms
2020-10-22 20:10:53 [INFO ] o.s.s.c.ThreadPoolTaskExecutor - Initializing ExecutorService 'applicationTaskExecutor'
2020-10-22 20:10:53 [INFO ] o.s.b.d.a.OptionalLiveReloadServer - LiveReload server is running on port 35729
2020-10-22 20:10:53 [INFO ] o.a.coyote.http11.Http11NioProtocol - Starting ProtocolHandler ["http-nio-8085"]
2020-10-22 20:10:53 [INFO ] o.s.b.w.e.tomcat.TomcatWebServer - Tomcat started on port(s): 8085 (http) with context path ''
2020-10-22 20:10:53 [INFO ] c.sbs.example.lolHi.LolHiApplication - Started LolHiApplication in 0.291 seconds (JVM running for 215.985)
2020-10-22 20:10:53 [INFO ] o.s.b.d.a.ConditionEvaluationDeltaLoggingListener - Condition evaluation unchanged
2020-10-22 20:10:57 [INFO ] o.s.s.c.ThreadPoolTaskExecutor - Shutting down ExecutorService 'applicationTaskExecutor'
2020-10-22 20:10:57 [INFO ] c.sbs.example.lolHi.LolHiApplication - Starting LolHiApplication on DESKTOP-PSJ7LQ1 with PID 2140 (C:\work\sts-4.7.1.RELEASE-workspace\lolHi\target\classes started by user in C:\work\sts-4.7.1.RELEASE-workspace\lolHi)
2020-10-22 20:10:57 [INFO ] c.sbs.example.lolHi.LolHiApplication - The following profiles are active: local
2020-10-22 20:10:57 [INFO ] o.s.b.w.e.tomcat.TomcatWebServer - Tomcat initialized with port(s): 8085 (http)
2020-10-22 20:10:57 [INFO ] o.a.coyote.http11.Http11NioProtocol - Initializing ProtocolHandler ["http-nio-8085"]
2020-10-22 20:10:57 [INFO ] o.a.catalina.core.StandardService - Starting service [Tomcat]
2020-10-22 20:10:57 [INFO ] o.a.catalina.core.StandardEngine - Starting Servlet engine: [Apache Tomcat/9.0.38]
2020-10-22 20:10:57 [INFO ] org.apache.jasper.servlet.TldScanner - At least one JAR was scanned for TLDs yet contained no TLDs. Enable debug logging for this logger for a complete list of JARs that were scanned but no TLDs were found in them. Skipping unneeded JARs during scanning can improve startup time and JSP compilation time.
2020-10-22 20:10:57 [INFO ] o.a.c.c.C.[Tomcat].[localhost].[/] - Initializing Spring embedded WebApplicationContext
2020-10-22 20:10:57 [INFO ] o.s.b.w.s.c.ServletWebServerApplicationContext - Root WebApplicationContext: initialization completed in 169 ms
2020-10-22 20:10:57 [INFO ] o.s.s.c.ThreadPoolTaskExecutor - Initializing ExecutorService 'applicationTaskExecutor'
2020-10-22 20:10:57 [INFO ] o.s.b.d.a.OptionalLiveReloadServer - LiveReload server is running on port 35729
2020-10-22 20:10:57 [INFO ] o.a.coyote.http11.Http11NioProtocol - Starting ProtocolHandler ["http-nio-8085"]
2020-10-22 20:10:57 [INFO ] o.s.b.w.e.tomcat.TomcatWebServer - Tomcat started on port(s): 8085 (http) with context path ''
2020-10-22 20:10:57 [INFO ] c.sbs.example.lolHi.LolHiApplication - Started LolHiApplication in 0.288 seconds (JVM running for 220.779)
2020-10-22 20:10:57 [INFO ] o.s.b.d.a.ConditionEvaluationDeltaLoggingListener - Condition evaluation unchanged
2020-10-22 20:11:08 [INFO ] o.s.s.c.ThreadPoolTaskExecutor - Shutting down ExecutorService 'applicationTaskExecutor'
2020-10-22 20:11:08 [INFO ] c.sbs.example.lolHi.LolHiApplication - Starting LolHiApplication on DESKTOP-PSJ7LQ1 with PID 2140 (C:\work\sts-4.7.1.RELEASE-workspace\lolHi\target\classes started by user in C:\work\sts-4.7.1.RELEASE-workspace\lolHi)
2020-10-22 20:11:08 [INFO ] c.sbs.example.lolHi.LolHiApplication - The following profiles are active: local
2020-10-22 20:11:08 [INFO ] o.s.b.w.e.tomcat.TomcatWebServer - Tomcat initialized with port(s): 8085 (http)
2020-10-22 20:11:08 [INFO ] o.a.coyote.http11.Http11NioProtocol - Initializing ProtocolHandler ["http-nio-8085"]
2020-10-22 20:11:08 [INFO ] o.a.catalina.core.StandardService - Starting service [Tomcat]
2020-10-22 20:11:08 [INFO ] o.a.catalina.core.StandardEngine - Starting Servlet engine: [Apache Tomcat/9.0.38]
2020-10-22 20:11:08 [INFO ] org.apache.jasper.servlet.TldScanner - At least one JAR was scanned for TLDs yet contained no TLDs. Enable debug logging for this logger for a complete list of JARs that were scanned but no TLDs were found in them. Skipping unneeded JARs during scanning can improve startup time and JSP compilation time.
2020-10-22 20:11:08 [INFO ] o.a.c.c.C.[Tomcat].[localhost].[/] - Initializing Spring embedded WebApplicationContext
2020-10-22 20:11:08 [INFO ] o.s.b.w.s.c.ServletWebServerApplicationContext - Root WebApplicationContext: initialization completed in 169 ms
2020-10-22 20:11:08 [INFO ] o.s.s.c.ThreadPoolTaskExecutor - Initializing ExecutorService 'applicationTaskExecutor'
2020-10-22 20:11:08 [INFO ] o.s.b.d.a.OptionalLiveReloadServer - LiveReload server is running on port 35729
2020-10-22 20:11:08 [INFO ] o.a.coyote.http11.Http11NioProtocol - Starting ProtocolHandler ["http-nio-8085"]
2020-10-22 20:11:08 [INFO ] o.s.b.w.e.tomcat.TomcatWebServer - Tomcat started on port(s): 8085 (http) with context path ''
2020-10-22 20:11:08 [INFO ] c.sbs.example.lolHi.LolHiApplication - Started LolHiApplication in 0.286 seconds (JVM running for 231.593)
2020-10-22 20:11:08 [INFO ] o.s.b.d.a.ConditionEvaluationDeltaLoggingListener - Condition evaluation unchanged
2020-10-22 20:11:22 [INFO ] o.s.s.c.ThreadPoolTaskExecutor - Shutting down ExecutorService 'applicationTaskExecutor'
2020-10-22 20:11:22 [INFO ] c.sbs.example.lolHi.LolHiApplication - Starting LolHiApplication on DESKTOP-PSJ7LQ1 with PID 2140 (C:\work\sts-4.7.1.RELEASE-workspace\lolHi\target\classes started by user in C:\work\sts-4.7.1.RELEASE-workspace\lolHi)
2020-10-22 20:11:22 [INFO ] c.sbs.example.lolHi.LolHiApplication - The following profiles are active: local
2020-10-22 20:11:22 [INFO ] o.s.b.w.e.tomcat.TomcatWebServer - Tomcat initialized with port(s): 8085 (http)
2020-10-22 20:11:22 [INFO ] o.a.coyote.http11.Http11NioProtocol - Initializing ProtocolHandler ["http-nio-8085"]
2020-10-22 20:11:22 [INFO ] o.a.catalina.core.StandardService - Starting service [Tomcat]
2020-10-22 20:11:22 [INFO ] o.a.catalina.core.StandardEngine - Starting Servlet engine: [Apache Tomcat/9.0.38]
2020-10-22 20:11:22 [INFO ] org.apache.jasper.servlet.TldScanner - At least one JAR was scanned for TLDs yet contained no TLDs. Enable debug logging for this logger for a complete list of JARs that were scanned but no TLDs were found in them. Skipping unneeded JARs during scanning can improve startup time and JSP compilation time.
2020-10-22 20:11:22 [INFO ] o.a.c.c.C.[Tomcat].[localhost].[/] - Initializing Spring embedded WebApplicationContext
2020-10-22 20:11:22 [INFO ] o.s.b.w.s.c.ServletWebServerApplicationContext - Root WebApplicationContext: initialization completed in 164 ms
2020-10-22 20:11:22 [INFO ] o.s.s.c.ThreadPoolTaskExecutor - Initializing ExecutorService 'applicationTaskExecutor'
2020-10-22 20:11:22 [INFO ] o.s.b.d.a.OptionalLiveReloadServer - LiveReload server is running on port 35729
2020-10-22 20:11:22 [INFO ] o.a.coyote.http11.Http11NioProtocol - Starting ProtocolHandler ["http-nio-8085"]
2020-10-22 20:11:22 [INFO ] o.s.b.w.e.tomcat.TomcatWebServer - Tomcat started on port(s): 8085 (http) with context path ''
2020-10-22 20:11:22 [INFO ] c.sbs.example.lolHi.LolHiApplication - Started LolHiApplication in 0.279 seconds (JVM running for 245.418)
2020-10-22 20:11:22 [INFO ] o.s.b.d.a.ConditionEvaluationDeltaLoggingListener - Condition evaluation unchanged
2020-10-22 20:11:42 [INFO ] o.s.s.c.ThreadPoolTaskExecutor - Shutting down ExecutorService 'applicationTaskExecutor'
2020-10-22 20:11:42 [INFO ] c.sbs.example.lolHi.LolHiApplication - Starting LolHiApplication on DESKTOP-PSJ7LQ1 with PID 2140 (C:\work\sts-4.7.1.RELEASE-workspace\lolHi\target\classes started by user in C:\work\sts-4.7.1.RELEASE-workspace\lolHi)
2020-10-22 20:11:42 [INFO ] c.sbs.example.lolHi.LolHiApplication - The following profiles are active: local
2020-10-22 20:11:42 [INFO ] o.s.b.w.e.tomcat.TomcatWebServer - Tomcat initialized with port(s): 8085 (http)
2020-10-22 20:11:42 [INFO ] o.a.coyote.http11.Http11NioProtocol - Initializing ProtocolHandler ["http-nio-8085"]
2020-10-22 20:11:42 [INFO ] o.a.catalina.core.StandardService - Starting service [Tomcat]
2020-10-22 20:11:42 [INFO ] o.a.catalina.core.StandardEngine - Starting Servlet engine: [Apache Tomcat/9.0.38]
2020-10-22 20:11:42 [INFO ] org.apache.jasper.servlet.TldScanner - At least one JAR was scanned for TLDs yet contained no TLDs. Enable debug logging for this logger for a complete list of JARs that were scanned but no TLDs were found in them. Skipping unneeded JARs during scanning can improve startup time and JSP compilation time.
2020-10-22 20:11:42 [INFO ] o.a.c.c.C.[Tomcat].[localhost].[/] - Initializing Spring embedded WebApplicationContext
2020-10-22 20:11:42 [INFO ] o.s.b.w.s.c.ServletWebServerApplicationContext - Root WebApplicationContext: initialization completed in 172 ms
2020-10-22 20:11:42 [INFO ] o.s.s.c.ThreadPoolTaskExecutor - Initializing ExecutorService 'applicationTaskExecutor'
2020-10-22 20:11:42 [INFO ] o.s.b.d.a.OptionalLiveReloadServer - LiveReload server is running on port 35729
2020-10-22 20:11:42 [INFO ] o.a.coyote.http11.Http11NioProtocol - Starting ProtocolHandler ["http-nio-8085"]
2020-10-22 20:11:42 [INFO ] o.s.b.w.e.tomcat.TomcatWebServer - Tomcat started on port(s): 8085 (http) with context path ''
2020-10-22 20:11:42 [INFO ] c.sbs.example.lolHi.LolHiApplication - Started LolHiApplication in 0.289 seconds (JVM running for 265.281)
2020-10-22 20:11:42 [INFO ] o.s.b.d.a.ConditionEvaluationDeltaLoggingListener - Condition evaluation unchanged
2020-10-22 20:12:18 [INFO ] o.s.s.c.ThreadPoolTaskExecutor - Shutting down ExecutorService 'applicationTaskExecutor'
2020-10-22 20:12:18 [INFO ] c.sbs.example.lolHi.LolHiApplication - Starting LolHiApplication on DESKTOP-PSJ7LQ1 with PID 2140 (C:\work\sts-4.7.1.RELEASE-workspace\lolHi\target\classes started by user in C:\work\sts-4.7.1.RELEASE-workspace\lolHi)
2020-10-22 20:12:18 [INFO ] c.sbs.example.lolHi.LolHiApplication - The following profiles are active: local
2020-10-22 20:12:18 [INFO ] o.s.b.w.e.tomcat.TomcatWebServer - Tomcat initialized with port(s): 8085 (http)
2020-10-22 20:12:18 [INFO ] o.a.coyote.http11.Http11NioProtocol - Initializing ProtocolHandler ["http-nio-8085"]
2020-10-22 20:12:18 [INFO ] o.a.catalina.core.StandardService - Starting service [Tomcat]
2020-10-22 20:12:18 [INFO ] o.a.catalina.core.StandardEngine - Starting Servlet engine: [Apache Tomcat/9.0.38]
2020-10-22 20:12:18 [INFO ] org.apache.jasper.servlet.TldScanner - At least one JAR was scanned for TLDs yet contained no TLDs. Enable debug logging for this logger for a complete list of JARs that were scanned but no TLDs were found in them. Skipping unneeded JARs during scanning can improve startup time and JSP compilation time.
2020-10-22 20:12:18 [INFO ] o.a.c.c.C.[Tomcat].[localhost].[/] - Initializing Spring embedded WebApplicationContext
2020-10-22 20:12:18 [INFO ] o.s.b.w.s.c.ServletWebServerApplicationContext - Root WebApplicationContext: initialization completed in 161 ms
2020-10-22 20:12:18 [INFO ] o.s.s.c.ThreadPoolTaskExecutor - Initializing ExecutorService 'applicationTaskExecutor'
2020-10-22 20:12:18 [INFO ] o.s.b.d.a.OptionalLiveReloadServer - LiveReload server is running on port 35729
2020-10-22 20:12:18 [INFO ] o.a.coyote.http11.Http11NioProtocol - Starting ProtocolHandler ["http-nio-8085"]
2020-10-22 20:12:18 [INFO ] o.s.b.w.e.tomcat.TomcatWebServer - Tomcat started on port(s): 8085 (http) with context path ''
2020-10-22 20:12:18 [INFO ] c.sbs.example.lolHi.LolHiApplication - Started LolHiApplication in 0.274 seconds (JVM running for 301.217)
2020-10-22 20:12:18 [INFO ] o.s.b.d.a.ConditionEvaluationDeltaLoggingListener - Condition evaluation unchanged
2020-10-22 20:12:18 [INFO ] o.a.c.c.C.[Tomcat].[localhost].[/] - Initializing Spring DispatcherServlet 'dispatcherServlet'
2020-10-22 20:12:18 [INFO ] o.s.web.servlet.DispatcherServlet - Initializing Servlet 'dispatcherServlet'
2020-10-22 20:12:18 [INFO ] o.s.web.servlet.DispatcherServlet - Completed initialization in 1 ms
2020-10-22 20:12:18 [INFO ] com.zaxxer.hikari.HikariDataSource - HikariPool-2 - Starting...
2020-10-22 20:12:18 [INFO ] com.zaxxer.hikari.HikariDataSource - HikariPool-2 - Start completed.
2020-10-22 20:12:18 [DEBUG] jdbc.sqltiming -  com.zaxxer.hikari.pool.ProxyPreparedStatement.execute(ProxyPreparedStatement.java:44)
11. SELECT COUNT(*)
		FROM article
 {executed in 1 msec}
2020-10-22 20:12:18 [INFO ] jdbc.resultsettable - 
|---------|
|count(*) |
|---------|
|53       |
|---------|

2020-10-22 20:12:18 [DEBUG] jdbc.sqltiming -  com.zaxxer.hikari.pool.ProxyPreparedStatement.execute(ProxyPreparedStatement.java:44)
11. SELECT *
		FROM article
		ORDER BY id DESC

			LIMIT 0, 10
 {executed in 1 msec}
2020-10-22 20:12:18 [INFO ] jdbc.resultsettable - 
|---|--------------------|--------------------|------|-----|
|id |regdate             |updatedate          |title |body |
|---|--------------------|--------------------|------|-----|
|53 |2020-10-20 22:38:24 |2020-10-20 22:38:24 |제목2   |내용2  |
|52 |2020-10-20 22:38:24 |2020-10-20 22:38:24 |제목1   |내용1  |
|51 |2020-10-20 22:38:24 |2020-10-20 22:38:24 |제목3   |내용3  |
|50 |2020-10-20 22:38:24 |2020-10-20 22:38:24 |제목2   |내용2  |
|49 |2020-10-20 22:38:24 |2020-10-20 22:38:24 |제목1   |내용1  |
|48 |2020-10-20 22:38:24 |2020-10-20 22:38:24 |제목3   |내용3  |
|47 |2020-10-20 22:38:24 |2020-10-20 22:38:24 |제목2   |내용2  |
|46 |2020-10-20 22:38:24 |2020-10-20 22:38:24 |제목1   |내용1  |
|45 |2020-10-20 22:38:24 |2020-10-20 22:38:24 |제목3   |내용3  |
|44 |2020-10-20 22:38:24 |2020-10-20 22:38:24 |제목2   |내용2  |
|---|--------------------|--------------------|------|-----|

2020-10-22 20:12:28 [DEBUG] jdbc.sqltiming -  com.zaxxer.hikari.pool.ProxyPreparedStatement.execute(ProxyPreparedStatement.java:44)
11. SELECT *
		FROM `member`
		WHERE loginId = 'guest'
 {executed in 5 msec}
2020-10-22 20:12:28 [INFO ] jdbc.resultsettable - 
|---|--------------------|--------------------|------|--------|--------|
|id |regdate             |updatedate          |name  |loginid |loginpw |
|---|--------------------|--------------------|------|--------|--------|
|1  |2020-10-19 23:34:56 |2020-10-19 23:34:56 |guest |guest   |guest   |
|---|--------------------|--------------------|------|--------|--------|

2020-10-22 20:12:29 [DEBUG] jdbc.sqltiming -  com.zaxxer.hikari.pool.ProxyPreparedStatement.execute(ProxyPreparedStatement.java:44)
11. SELECT COUNT(*)
		FROM article
 {executed in 0 msec}
2020-10-22 20:12:29 [INFO ] jdbc.resultsettable - 
|---------|
|count(*) |
|---------|
|53       |
|---------|

2020-10-22 20:12:29 [DEBUG] jdbc.sqltiming -  com.zaxxer.hikari.pool.ProxyPreparedStatement.execute(ProxyPreparedStatement.java:44)
11. SELECT *
		FROM article
		ORDER BY id DESC

			LIMIT 0, 10
 {executed in 1 msec}
2020-10-22 20:12:29 [INFO ] jdbc.resultsettable - 
|---|--------------------|--------------------|------|-----|
|id |regdate             |updatedate          |title |body |
|---|--------------------|--------------------|------|-----|
|53 |2020-10-20 22:38:24 |2020-10-20 22:38:24 |제목2   |내용2  |
|52 |2020-10-20 22:38:24 |2020-10-20 22:38:24 |제목1   |내용1  |
|51 |2020-10-20 22:38:24 |2020-10-20 22:38:24 |제목3   |내용3  |
|50 |2020-10-20 22:38:24 |2020-10-20 22:38:24 |제목2   |내용2  |
|49 |2020-10-20 22:38:24 |2020-10-20 22:38:24 |제목1   |내용1  |
|48 |2020-10-20 22:38:24 |2020-10-20 22:38:24 |제목3   |내용3  |
|47 |2020-10-20 22:38:24 |2020-10-20 22:38:24 |제목2   |내용2  |
|46 |2020-10-20 22:38:24 |2020-10-20 22:38:24 |제목1   |내용1  |
|45 |2020-10-20 22:38:24 |2020-10-20 22:38:24 |제목3   |내용3  |
|44 |2020-10-20 22:38:24 |2020-10-20 22:38:24 |제목2   |내용2  |
|---|--------------------|--------------------|------|-----|

2020-10-22 20:12:34 [DEBUG] jdbc.sqltiming -  com.zaxxer.hikari.pool.ProxyPreparedStatement.execute(ProxyPreparedStatement.java:44)
11. INSERT INTO article
		 SET regDate = NOW(),
			updateDate = NOW(),
			title='adafsasd',
			`body`='asdffasf'
 {executed in 5 msec}
2020-10-22 20:12:34 [DEBUG] jdbc.sqltiming -  com.zaxxer.hikari.pool.ProxyStatement.getGeneratedKeys(ProxyStatement.java:230)
11. getGeneratedKeys on query: INSERT INTO article
		 SET regDate = NOW(),
			updateDate = NOW(),
			title='adafsasd',
			`body`='asdffasf'
 {executed in 0 msec}
2020-10-22 20:12:34 [INFO ] jdbc.resultsettable - 
|--------------|
|generated_key |
|--------------|
|511           |
|--------------|

2020-10-22 20:12:35 [DEBUG] jdbc.sqltiming -  com.zaxxer.hikari.pool.ProxyPreparedStatement.execute(ProxyPreparedStatement.java:44)
11. SELECT COUNT(*)
		FROM article
 {executed in 0 msec}
2020-10-22 20:12:35 [INFO ] jdbc.resultsettable - 
|---------|
|count(*) |
|---------|
|54       |
|---------|

2020-10-22 20:12:35 [DEBUG] jdbc.sqltiming -  com.zaxxer.hikari.pool.ProxyPreparedStatement.execute(ProxyPreparedStatement.java:44)
11. SELECT *
		FROM article
		ORDER BY id DESC

			LIMIT 0, 10
 {executed in 1 msec}
2020-10-22 20:12:35 [INFO ] jdbc.resultsettable - 
|----|--------------------|--------------------|---------|---------|
|id  |regdate             |updatedate          |title    |body     |
|----|--------------------|--------------------|---------|---------|
|511 |2020-10-22 20:12:34 |2020-10-22 20:12:34 |adafsasd |asdffasf |
|53  |2020-10-20 22:38:24 |2020-10-20 22:38:24 |제목2      |내용2      |
|52  |2020-10-20 22:38:24 |2020-10-20 22:38:24 |제목1      |내용1      |
|51  |2020-10-20 22:38:24 |2020-10-20 22:38:24 |제목3      |내용3      |
|50  |2020-10-20 22:38:24 |2020-10-20 22:38:24 |제목2      |내용2      |
|49  |2020-10-20 22:38:24 |2020-10-20 22:38:24 |제목1      |내용1      |
|48  |2020-10-20 22:38:24 |2020-10-20 22:38:24 |제목3      |내용3      |
|47  |2020-10-20 22:38:24 |2020-10-20 22:38:24 |제목2      |내용2      |
|46  |2020-10-20 22:38:24 |2020-10-20 22:38:24 |제목1      |내용1      |
|45  |2020-10-20 22:38:24 |2020-10-20 22:38:24 |제목3      |내용3      |
|----|--------------------|--------------------|---------|---------|

2020-10-22 20:13:07 [INFO ] o.s.s.c.ThreadPoolTaskExecutor - Shutting down ExecutorService 'applicationTaskExecutor'
2020-10-22 20:13:07 [INFO ] com.zaxxer.hikari.HikariDataSource - HikariPool-2 - Shutdown initiated...
2020-10-22 20:13:07 [INFO ] com.zaxxer.hikari.HikariDataSource - HikariPool-2 - Shutdown completed.
2020-10-22 20:13:07 [INFO ] c.sbs.example.lolHi.LolHiApplication - Starting LolHiApplication on DESKTOP-PSJ7LQ1 with PID 2140 (C:\work\sts-4.7.1.RELEASE-workspace\lolHi\target\classes started by user in C:\work\sts-4.7.1.RELEASE-workspace\lolHi)
2020-10-22 20:13:07 [INFO ] c.sbs.example.lolHi.LolHiApplication - The following profiles are active: local
2020-10-22 20:13:07 [INFO ] o.s.b.w.e.tomcat.TomcatWebServer - Tomcat initialized with port(s): 8085 (http)
2020-10-22 20:13:07 [INFO ] o.a.coyote.http11.Http11NioProtocol - Initializing ProtocolHandler ["http-nio-8085"]
2020-10-22 20:13:07 [INFO ] o.a.catalina.core.StandardService - Starting service [Tomcat]
2020-10-22 20:13:07 [INFO ] o.a.catalina.core.StandardEngine - Starting Servlet engine: [Apache Tomcat/9.0.38]
2020-10-22 20:13:07 [INFO ] org.apache.jasper.servlet.TldScanner - At least one JAR was scanned for TLDs yet contained no TLDs. Enable debug logging for this logger for a complete list of JARs that were scanned but no TLDs were found in them. Skipping unneeded JARs during scanning can improve startup time and JSP compilation time.
2020-10-22 20:13:07 [INFO ] o.a.c.c.C.[Tomcat].[localhost].[/] - Initializing Spring embedded WebApplicationContext
2020-10-22 20:13:07 [INFO ] o.s.b.w.s.c.ServletWebServerApplicationContext - Root WebApplicationContext: initialization completed in 162 ms
2020-10-22 20:13:07 [INFO ] o.s.s.c.ThreadPoolTaskExecutor - Initializing ExecutorService 'applicationTaskExecutor'
2020-10-22 20:13:07 [INFO ] o.s.b.d.a.OptionalLiveReloadServer - LiveReload server is running on port 35729
2020-10-22 20:13:07 [INFO ] o.a.coyote.http11.Http11NioProtocol - Starting ProtocolHandler ["http-nio-8085"]
2020-10-22 20:13:07 [INFO ] o.s.b.w.e.tomcat.TomcatWebServer - Tomcat started on port(s): 8085 (http) with context path ''
2020-10-22 20:13:07 [INFO ] c.sbs.example.lolHi.LolHiApplication - Started LolHiApplication in 0.274 seconds (JVM running for 350.211)
2020-10-22 20:13:07 [INFO ] o.s.b.d.a.ConditionEvaluationDeltaLoggingListener - Condition evaluation unchanged
2020-10-22 20:13:19 [INFO ] o.a.c.c.C.[Tomcat].[localhost].[/] - Initializing Spring DispatcherServlet 'dispatcherServlet'
2020-10-22 20:13:19 [INFO ] o.s.web.servlet.DispatcherServlet - Initializing Servlet 'dispatcherServlet'
2020-10-22 20:13:19 [INFO ] o.s.web.servlet.DispatcherServlet - Completed initialization in 1 ms
2020-10-22 20:13:19 [INFO ] o.s.s.c.ThreadPoolTaskExecutor - Shutting down ExecutorService 'applicationTaskExecutor'
2020-10-22 20:13:19 [INFO ] c.sbs.example.lolHi.LolHiApplication - Starting LolHiApplication on DESKTOP-PSJ7LQ1 with PID 2140 (C:\work\sts-4.7.1.RELEASE-workspace\lolHi\target\classes started by user in C:\work\sts-4.7.1.RELEASE-workspace\lolHi)
2020-10-22 20:13:19 [INFO ] c.sbs.example.lolHi.LolHiApplication - The following profiles are active: local
2020-10-22 20:13:20 [INFO ] o.s.b.w.e.tomcat.TomcatWebServer - Tomcat initialized with port(s): 8085 (http)
2020-10-22 20:13:20 [INFO ] o.a.coyote.http11.Http11NioProtocol - Initializing ProtocolHandler ["http-nio-8085"]
2020-10-22 20:13:20 [INFO ] o.a.catalina.core.StandardService - Starting service [Tomcat]
2020-10-22 20:13:20 [INFO ] o.a.catalina.core.StandardEngine - Starting Servlet engine: [Apache Tomcat/9.0.38]
2020-10-22 20:13:20 [INFO ] org.apache.jasper.servlet.TldScanner - At least one JAR was scanned for TLDs yet contained no TLDs. Enable debug logging for this logger for a complete list of JARs that were scanned but no TLDs were found in them. Skipping unneeded JARs during scanning can improve startup time and JSP compilation time.
2020-10-22 20:13:20 [INFO ] o.a.c.c.C.[Tomcat].[localhost].[/] - Initializing Spring embedded WebApplicationContext
2020-10-22 20:13:20 [INFO ] o.s.b.w.s.c.ServletWebServerApplicationContext - Root WebApplicationContext: initialization completed in 166 ms
2020-10-22 20:13:20 [INFO ] o.s.s.c.ThreadPoolTaskExecutor - Initializing ExecutorService 'applicationTaskExecutor'
2020-10-22 20:13:20 [INFO ] o.s.b.d.a.OptionalLiveReloadServer - LiveReload server is running on port 35729
2020-10-22 20:13:20 [INFO ] o.a.coyote.http11.Http11NioProtocol - Starting ProtocolHandler ["http-nio-8085"]
2020-10-22 20:13:20 [INFO ] o.s.b.w.e.tomcat.TomcatWebServer - Tomcat started on port(s): 8085 (http) with context path ''
2020-10-22 20:13:20 [INFO ] c.sbs.example.lolHi.LolHiApplication - Started LolHiApplication in 0.279 seconds (JVM running for 363.033)
2020-10-22 20:13:20 [INFO ] o.s.b.d.a.ConditionEvaluationDeltaLoggingListener - Condition evaluation unchanged
2020-10-22 20:13:20 [INFO ] o.a.c.c.C.[Tomcat].[localhost].[/] - Initializing Spring DispatcherServlet 'dispatcherServlet'
2020-10-22 20:13:20 [INFO ] o.s.web.servlet.DispatcherServlet - Initializing Servlet 'dispatcherServlet'
2020-10-22 20:13:20 [INFO ] o.s.web.servlet.DispatcherServlet - Completed initialization in 1 ms
2020-10-22 20:13:20 [INFO ] com.zaxxer.hikari.HikariDataSource - HikariPool-3 - Starting...
2020-10-22 20:13:20 [INFO ] com.zaxxer.hikari.HikariDataSource - HikariPool-3 - Start completed.
2020-10-22 20:13:20 [DEBUG] jdbc.sqltiming -  com.zaxxer.hikari.pool.ProxyPreparedStatement.execute(ProxyPreparedStatement.java:44)
21. SELECT COUNT(*)
		FROM article
 {executed in 0 msec}
2020-10-22 20:13:20 [INFO ] jdbc.resultsettable - 
|---------|
|count(*) |
|---------|
|54       |
|---------|

2020-10-22 20:13:20 [DEBUG] jdbc.sqltiming -  com.zaxxer.hikari.pool.ProxyPreparedStatement.execute(ProxyPreparedStatement.java:44)
21. SELECT *
		FROM article
		ORDER BY id DESC

			LIMIT 0, 10
 {executed in 0 msec}
2020-10-22 20:13:20 [INFO ] jdbc.resultsettable - 
|----|--------------------|--------------------|---------|---------|
|id  |regdate             |updatedate          |title    |body     |
|----|--------------------|--------------------|---------|---------|
|511 |2020-10-22 20:12:34 |2020-10-22 20:12:34 |adafsasd |asdffasf |
|53  |2020-10-20 22:38:24 |2020-10-20 22:38:24 |제목2      |내용2      |
|52  |2020-10-20 22:38:24 |2020-10-20 22:38:24 |제목1      |내용1      |
|51  |2020-10-20 22:38:24 |2020-10-20 22:38:24 |제목3      |내용3      |
|50  |2020-10-20 22:38:24 |2020-10-20 22:38:24 |제목2      |내용2      |
|49  |2020-10-20 22:38:24 |2020-10-20 22:38:24 |제목1      |내용1      |
|48  |2020-10-20 22:38:24 |2020-10-20 22:38:24 |제목3      |내용3      |
|47  |2020-10-20 22:38:24 |2020-10-20 22:38:24 |제목2      |내용2      |
|46  |2020-10-20 22:38:24 |2020-10-20 22:38:24 |제목1      |내용1      |
|45  |2020-10-20 22:38:24 |2020-10-20 22:38:24 |제목3      |내용3      |
|----|--------------------|--------------------|---------|---------|

2020-10-22 20:13:30 [DEBUG] jdbc.sqltiming -  com.zaxxer.hikari.pool.ProxyPreparedStatement.execute(ProxyPreparedStatement.java:44)
21. INSERT INTO article
		 SET regDate = NOW(),
			updateDate = NOW(),
			title='dasf',
			`body`='asdf'
 {executed in 1 msec}
2020-10-22 20:13:30 [DEBUG] jdbc.sqltiming -  com.zaxxer.hikari.pool.ProxyStatement.getGeneratedKeys(ProxyStatement.java:230)
21. getGeneratedKeys on query: INSERT INTO article
		 SET regDate = NOW(),
			updateDate = NOW(),
			title='dasf',
			`body`='asdf'
 {executed in 0 msec}
2020-10-22 20:13:30 [INFO ] jdbc.resultsettable - 
|--------------|
|generated_key |
|--------------|
|512           |
|--------------|

2020-10-22 20:13:31 [DEBUG] jdbc.sqltiming -  com.zaxxer.hikari.pool.ProxyPreparedStatement.execute(ProxyPreparedStatement.java:44)
21. SELECT COUNT(*)
		FROM article
 {executed in 1 msec}
2020-10-22 20:13:31 [INFO ] jdbc.resultsettable - 
|---------|
|count(*) |
|---------|
|55       |
|---------|

2020-10-22 20:13:31 [DEBUG] jdbc.sqltiming -  com.zaxxer.hikari.pool.ProxyPreparedStatement.execute(ProxyPreparedStatement.java:44)
21. SELECT *
		FROM article
		ORDER BY id DESC

			LIMIT 0, 10
 {executed in 0 msec}
2020-10-22 20:13:31 [INFO ] jdbc.resultsettable - 
|----|--------------------|--------------------|---------|---------|
|id  |regdate             |updatedate          |title    |body     |
|----|--------------------|--------------------|---------|---------|
|512 |2020-10-22 20:13:30 |2020-10-22 20:13:30 |dasf     |asdf     |
|511 |2020-10-22 20:12:34 |2020-10-22 20:12:34 |adafsasd |asdffasf |
|53  |2020-10-20 22:38:24 |2020-10-20 22:38:24 |제목2      |내용2      |
|52  |2020-10-20 22:38:24 |2020-10-20 22:38:24 |제목1      |내용1      |
|51  |2020-10-20 22:38:24 |2020-10-20 22:38:24 |제목3      |내용3      |
|50  |2020-10-20 22:38:24 |2020-10-20 22:38:24 |제목2      |내용2      |
|49  |2020-10-20 22:38:24 |2020-10-20 22:38:24 |제목1      |내용1      |
|48  |2020-10-20 22:38:24 |2020-10-20 22:38:24 |제목3      |내용3      |
|47  |2020-10-20 22:38:24 |2020-10-20 22:38:24 |제목2      |내용2      |
|46  |2020-10-20 22:38:24 |2020-10-20 22:38:24 |제목1      |내용1      |
|----|--------------------|--------------------|---------|---------|

2020-10-22 20:14:00 [INFO ] o.s.s.c.ThreadPoolTaskExecutor - Shutting down ExecutorService 'applicationTaskExecutor'
2020-10-22 20:14:00 [INFO ] com.zaxxer.hikari.HikariDataSource - HikariPool-3 - Shutdown initiated...
2020-10-22 20:14:00 [INFO ] com.zaxxer.hikari.HikariDataSource - HikariPool-3 - Shutdown completed.
2020-10-22 20:14:00 [INFO ] c.sbs.example.lolHi.LolHiApplication - Starting LolHiApplication on DESKTOP-PSJ7LQ1 with PID 2140 (C:\work\sts-4.7.1.RELEASE-workspace\lolHi\target\classes started by user in C:\work\sts-4.7.1.RELEASE-workspace\lolHi)
2020-10-22 20:14:00 [INFO ] c.sbs.example.lolHi.LolHiApplication - The following profiles are active: local
2020-10-22 20:14:01 [INFO ] o.s.b.w.e.tomcat.TomcatWebServer - Tomcat initialized with port(s): 8085 (http)
2020-10-22 20:14:01 [INFO ] o.a.coyote.http11.Http11NioProtocol - Initializing ProtocolHandler ["http-nio-8085"]
2020-10-22 20:14:01 [INFO ] o.a.catalina.core.StandardService - Starting service [Tomcat]
2020-10-22 20:14:01 [INFO ] o.a.catalina.core.StandardEngine - Starting Servlet engine: [Apache Tomcat/9.0.38]
2020-10-22 20:14:01 [INFO ] org.apache.jasper.servlet.TldScanner - At least one JAR was scanned for TLDs yet contained no TLDs. Enable debug logging for this logger for a complete list of JARs that were scanned but no TLDs were found in them. Skipping unneeded JARs during scanning can improve startup time and JSP compilation time.
2020-10-22 20:14:01 [INFO ] o.a.c.c.C.[Tomcat].[localhost].[/] - Initializing Spring embedded WebApplicationContext
2020-10-22 20:14:01 [INFO ] o.s.b.w.s.c.ServletWebServerApplicationContext - Root WebApplicationContext: initialization completed in 159 ms
2020-10-22 20:14:01 [INFO ] o.s.s.c.ThreadPoolTaskExecutor - Initializing ExecutorService 'applicationTaskExecutor'
2020-10-22 20:14:01 [INFO ] o.s.b.d.a.OptionalLiveReloadServer - LiveReload server is running on port 35729
2020-10-22 20:14:01 [INFO ] o.a.coyote.http11.Http11NioProtocol - Starting ProtocolHandler ["http-nio-8085"]
2020-10-22 20:14:01 [INFO ] o.s.b.w.e.tomcat.TomcatWebServer - Tomcat started on port(s): 8085 (http) with context path ''
2020-10-22 20:14:01 [INFO ] c.sbs.example.lolHi.LolHiApplication - Started LolHiApplication in 0.271 seconds (JVM running for 403.992)
2020-10-22 20:14:01 [INFO ] o.s.b.d.a.ConditionEvaluationDeltaLoggingListener - Condition evaluation unchanged
2020-10-22 20:14:02 [INFO ] o.a.c.c.C.[Tomcat].[localhost].[/] - Initializing Spring DispatcherServlet 'dispatcherServlet'
2020-10-22 20:14:02 [INFO ] o.s.web.servlet.DispatcherServlet - Initializing Servlet 'dispatcherServlet'
2020-10-22 20:14:02 [INFO ] o.s.web.servlet.DispatcherServlet - Completed initialization in 1 ms
2020-10-22 20:14:02 [INFO ] com.zaxxer.hikari.HikariDataSource - HikariPool-4 - Starting...
2020-10-22 20:14:02 [INFO ] com.zaxxer.hikari.HikariDataSource - HikariPool-4 - Start completed.
2020-10-22 20:14:02 [DEBUG] jdbc.sqltiming -  com.zaxxer.hikari.pool.ProxyPreparedStatement.execute(ProxyPreparedStatement.java:44)
31. SELECT COUNT(*)
		FROM article
 {executed in 0 msec}
2020-10-22 20:14:02 [INFO ] jdbc.resultsettable - 
|---------|
|count(*) |
|---------|
|55       |
|---------|

2020-10-22 20:14:02 [DEBUG] jdbc.sqltiming -  com.zaxxer.hikari.pool.ProxyPreparedStatement.execute(ProxyPreparedStatement.java:44)
31. SELECT *
		FROM article
		ORDER BY id DESC

			LIMIT 0, 10
 {executed in 0 msec}
2020-10-22 20:14:02 [INFO ] jdbc.resultsettable - 
|----|--------------------|--------------------|---------|---------|
|id  |regdate             |updatedate          |title    |body     |
|----|--------------------|--------------------|---------|---------|
|512 |2020-10-22 20:13:30 |2020-10-22 20:13:30 |dasf     |asdf     |
|511 |2020-10-22 20:12:34 |2020-10-22 20:12:34 |adafsasd |asdffasf |
|53  |2020-10-20 22:38:24 |2020-10-20 22:38:24 |제목2      |내용2      |
|52  |2020-10-20 22:38:24 |2020-10-20 22:38:24 |제목1      |내용1      |
|51  |2020-10-20 22:38:24 |2020-10-20 22:38:24 |제목3      |내용3      |
|50  |2020-10-20 22:38:24 |2020-10-20 22:38:24 |제목2      |내용2      |
|49  |2020-10-20 22:38:24 |2020-10-20 22:38:24 |제목1      |내용1      |
|48  |2020-10-20 22:38:24 |2020-10-20 22:38:24 |제목3      |내용3      |
|47  |2020-10-20 22:38:24 |2020-10-20 22:38:24 |제목2      |내용2      |
|46  |2020-10-20 22:38:24 |2020-10-20 22:38:24 |제목1      |내용1      |
|----|--------------------|--------------------|---------|---------|

2020-10-22 20:14:04 [DEBUG] jdbc.sqltiming -  com.zaxxer.hikari.pool.ProxyPreparedStatement.execute(ProxyPreparedStatement.java:44)
31. SELECT COUNT(*)
		FROM article
 {executed in 0 msec}
2020-10-22 20:14:04 [INFO ] jdbc.resultsettable - 
|---------|
|count(*) |
|---------|
|55       |
|---------|

2020-10-22 20:14:04 [DEBUG] jdbc.sqltiming -  com.zaxxer.hikari.pool.ProxyPreparedStatement.execute(ProxyPreparedStatement.java:44)
31. SELECT *
		FROM article
		ORDER BY id DESC

			LIMIT 0, 10
 {executed in 1 msec}
2020-10-22 20:14:04 [INFO ] jdbc.resultsettable - 
|----|--------------------|--------------------|---------|---------|
|id  |regdate             |updatedate          |title    |body     |
|----|--------------------|--------------------|---------|---------|
|512 |2020-10-22 20:13:30 |2020-10-22 20:13:30 |dasf     |asdf     |
|511 |2020-10-22 20:12:34 |2020-10-22 20:12:34 |adafsasd |asdffasf |
|53  |2020-10-20 22:38:24 |2020-10-20 22:38:24 |제목2      |내용2      |
|52  |2020-10-20 22:38:24 |2020-10-20 22:38:24 |제목1      |내용1      |
|51  |2020-10-20 22:38:24 |2020-10-20 22:38:24 |제목3      |내용3      |
|50  |2020-10-20 22:38:24 |2020-10-20 22:38:24 |제목2      |내용2      |
|49  |2020-10-20 22:38:24 |2020-10-20 22:38:24 |제목1      |내용1      |
|48  |2020-10-20 22:38:24 |2020-10-20 22:38:24 |제목3      |내용3      |
|47  |2020-10-20 22:38:24 |2020-10-20 22:38:24 |제목2      |내용2      |
|46  |2020-10-20 22:38:24 |2020-10-20 22:38:24 |제목1      |내용1      |
|----|--------------------|--------------------|---------|---------|

2020-10-22 20:14:37 [INFO ] o.s.s.c.ThreadPoolTaskExecutor - Shutting down ExecutorService 'applicationTaskExecutor'
2020-10-22 20:14:37 [INFO ] com.zaxxer.hikari.HikariDataSource - HikariPool-4 - Shutdown initiated...
2020-10-22 20:14:37 [INFO ] com.zaxxer.hikari.HikariDataSource - HikariPool-4 - Shutdown completed.
2020-10-22 20:14:37 [INFO ] c.sbs.example.lolHi.LolHiApplication - Starting LolHiApplication on DESKTOP-PSJ7LQ1 with PID 2140 (C:\work\sts-4.7.1.RELEASE-workspace\lolHi\target\classes started by user in C:\work\sts-4.7.1.RELEASE-workspace\lolHi)
2020-10-22 20:14:37 [INFO ] c.sbs.example.lolHi.LolHiApplication - The following profiles are active: local
2020-10-22 20:14:37 [INFO ] o.s.b.w.e.tomcat.TomcatWebServer - Tomcat initialized with port(s): 8085 (http)
2020-10-22 20:14:37 [INFO ] o.a.coyote.http11.Http11NioProtocol - Initializing ProtocolHandler ["http-nio-8085"]
2020-10-22 20:14:37 [INFO ] o.a.catalina.core.StandardService - Starting service [Tomcat]
2020-10-22 20:14:37 [INFO ] o.a.catalina.core.StandardEngine - Starting Servlet engine: [Apache Tomcat/9.0.38]
2020-10-22 20:14:37 [INFO ] org.apache.jasper.servlet.TldScanner - At least one JAR was scanned for TLDs yet contained no TLDs. Enable debug logging for this logger for a complete list of JARs that were scanned but no TLDs were found in them. Skipping unneeded JARs during scanning can improve startup time and JSP compilation time.
2020-10-22 20:14:37 [INFO ] o.a.c.c.C.[Tomcat].[localhost].[/] - Initializing Spring embedded WebApplicationContext
2020-10-22 20:14:37 [INFO ] o.s.b.w.s.c.ServletWebServerApplicationContext - Root WebApplicationContext: initialization completed in 159 ms
2020-10-22 20:14:38 [INFO ] o.s.s.c.ThreadPoolTaskExecutor - Initializing ExecutorService 'applicationTaskExecutor'
2020-10-22 20:14:38 [INFO ] o.s.b.d.a.OptionalLiveReloadServer - LiveReload server is running on port 35729
2020-10-22 20:14:38 [INFO ] o.a.coyote.http11.Http11NioProtocol - Starting ProtocolHandler ["http-nio-8085"]
2020-10-22 20:14:38 [INFO ] o.s.b.w.e.tomcat.TomcatWebServer - Tomcat started on port(s): 8085 (http) with context path ''
2020-10-22 20:14:38 [INFO ] c.sbs.example.lolHi.LolHiApplication - Started LolHiApplication in 0.272 seconds (JVM running for 440.928)
2020-10-22 20:14:38 [INFO ] o.s.b.d.a.ConditionEvaluationDeltaLoggingListener - Condition evaluation unchanged
2020-10-22 20:14:54 [INFO ] o.s.s.c.ThreadPoolTaskExecutor - Shutting down ExecutorService 'applicationTaskExecutor'
2020-10-22 20:14:54 [INFO ] c.sbs.example.lolHi.LolHiApplication - Starting LolHiApplication on DESKTOP-PSJ7LQ1 with PID 2140 (C:\work\sts-4.7.1.RELEASE-workspace\lolHi\target\classes started by user in C:\work\sts-4.7.1.RELEASE-workspace\lolHi)
2020-10-22 20:14:54 [INFO ] c.sbs.example.lolHi.LolHiApplication - The following profiles are active: local
2020-10-22 20:14:54 [INFO ] o.s.b.w.e.tomcat.TomcatWebServer - Tomcat initialized with port(s): 8085 (http)
2020-10-22 20:14:54 [INFO ] o.a.coyote.http11.Http11NioProtocol - Initializing ProtocolHandler ["http-nio-8085"]
2020-10-22 20:14:54 [INFO ] o.a.catalina.core.StandardService - Starting service [Tomcat]
2020-10-22 20:14:54 [INFO ] o.a.catalina.core.StandardEngine - Starting Servlet engine: [Apache Tomcat/9.0.38]
2020-10-22 20:14:54 [INFO ] org.apache.jasper.servlet.TldScanner - At least one JAR was scanned for TLDs yet contained no TLDs. Enable debug logging for this logger for a complete list of JARs that were scanned but no TLDs were found in them. Skipping unneeded JARs during scanning can improve startup time and JSP compilation time.
2020-10-22 20:14:54 [INFO ] o.a.c.c.C.[Tomcat].[localhost].[/] - Initializing Spring embedded WebApplicationContext
2020-10-22 20:14:54 [INFO ] o.s.b.w.s.c.ServletWebServerApplicationContext - Root WebApplicationContext: initialization completed in 160 ms
2020-10-22 20:14:54 [INFO ] o.s.s.c.ThreadPoolTaskExecutor - Initializing ExecutorService 'applicationTaskExecutor'
2020-10-22 20:14:54 [INFO ] o.s.b.d.a.OptionalLiveReloadServer - LiveReload server is running on port 35729
2020-10-22 20:14:54 [INFO ] o.a.coyote.http11.Http11NioProtocol - Starting ProtocolHandler ["http-nio-8085"]
2020-10-22 20:14:54 [INFO ] o.s.b.w.e.tomcat.TomcatWebServer - Tomcat started on port(s): 8085 (http) with context path ''
2020-10-22 20:14:54 [INFO ] c.sbs.example.lolHi.LolHiApplication - Started LolHiApplication in 0.269 seconds (JVM running for 457.757)
2020-10-22 20:14:54 [INFO ] o.s.b.d.a.ConditionEvaluationDeltaLoggingListener - Condition evaluation unchanged
2020-10-22 20:16:20 [INFO ] o.s.s.c.ThreadPoolTaskExecutor - Shutting down ExecutorService 'applicationTaskExecutor'
2020-10-22 20:16:20 [INFO ] c.sbs.example.lolHi.LolHiApplication - Starting LolHiApplication on DESKTOP-PSJ7LQ1 with PID 2140 (C:\work\sts-4.7.1.RELEASE-workspace\lolHi\target\classes started by user in C:\work\sts-4.7.1.RELEASE-workspace\lolHi)
2020-10-22 20:16:20 [INFO ] c.sbs.example.lolHi.LolHiApplication - The following profiles are active: local
2020-10-22 20:16:20 [INFO ] o.s.b.w.e.tomcat.TomcatWebServer - Tomcat initialized with port(s): 8085 (http)
2020-10-22 20:16:20 [INFO ] o.a.coyote.http11.Http11NioProtocol - Initializing ProtocolHandler ["http-nio-8085"]
2020-10-22 20:16:20 [INFO ] o.a.catalina.core.StandardService - Starting service [Tomcat]
2020-10-22 20:16:20 [INFO ] o.a.catalina.core.StandardEngine - Starting Servlet engine: [Apache Tomcat/9.0.38]
2020-10-22 20:16:21 [INFO ] org.apache.jasper.servlet.TldScanner - At least one JAR was scanned for TLDs yet contained no TLDs. Enable debug logging for this logger for a complete list of JARs that were scanned but no TLDs were found in them. Skipping unneeded JARs during scanning can improve startup time and JSP compilation time.
2020-10-22 20:16:21 [INFO ] o.a.c.c.C.[Tomcat].[localhost].[/] - Initializing Spring embedded WebApplicationContext
2020-10-22 20:16:21 [INFO ] o.s.b.w.s.c.ServletWebServerApplicationContext - Root WebApplicationContext: initialization completed in 161 ms
2020-10-22 20:16:21 [INFO ] o.s.s.c.ThreadPoolTaskExecutor - Initializing ExecutorService 'applicationTaskExecutor'
2020-10-22 20:16:21 [INFO ] o.s.b.d.a.OptionalLiveReloadServer - LiveReload server is running on port 35729
2020-10-22 20:16:21 [INFO ] o.a.coyote.http11.Http11NioProtocol - Starting ProtocolHandler ["http-nio-8085"]
2020-10-22 20:16:21 [INFO ] o.s.b.w.e.tomcat.TomcatWebServer - Tomcat started on port(s): 8085 (http) with context path ''
2020-10-22 20:16:21 [INFO ] c.sbs.example.lolHi.LolHiApplication - Started LolHiApplication in 0.27 seconds (JVM running for 543.943)
2020-10-22 20:16:21 [INFO ] o.s.b.d.a.ConditionEvaluationDeltaLoggingListener - Condition evaluation unchanged
2020-10-22 20:16:24 [INFO ] o.a.c.c.C.[Tomcat].[localhost].[/] - Initializing Spring DispatcherServlet 'dispatcherServlet'
2020-10-22 20:16:24 [INFO ] o.s.web.servlet.DispatcherServlet - Initializing Servlet 'dispatcherServlet'
2020-10-22 20:16:24 [INFO ] o.s.web.servlet.DispatcherServlet - Completed initialization in 1 ms
2020-10-22 20:16:24 [INFO ] com.zaxxer.hikari.HikariDataSource - HikariPool-5 - Starting...
2020-10-22 20:16:24 [INFO ] com.zaxxer.hikari.HikariDataSource - HikariPool-5 - Start completed.
2020-10-22 20:16:24 [DEBUG] jdbc.sqltiming -  com.zaxxer.hikari.pool.ProxyPreparedStatement.execute(ProxyPreparedStatement.java:44)
41. SELECT COUNT(*)
		FROM article
 {executed in 1 msec}
2020-10-22 20:16:24 [INFO ] jdbc.resultsettable - 
|---------|
|count(*) |
|---------|
|55       |
|---------|

2020-10-22 20:16:24 [DEBUG] jdbc.sqltiming -  com.zaxxer.hikari.pool.ProxyPreparedStatement.execute(ProxyPreparedStatement.java:44)
41. SELECT *
		FROM article
		ORDER BY id DESC

			LIMIT 0, 10
 {executed in 0 msec}
2020-10-22 20:16:24 [INFO ] jdbc.resultsettable - 
|----|--------------------|--------------------|---------|---------|
|id  |regdate             |updatedate          |title    |body     |
|----|--------------------|--------------------|---------|---------|
|512 |2020-10-22 20:13:30 |2020-10-22 20:13:30 |dasf     |asdf     |
|511 |2020-10-22 20:12:34 |2020-10-22 20:12:34 |adafsasd |asdffasf |
|53  |2020-10-20 22:38:24 |2020-10-20 22:38:24 |제목2      |내용2      |
|52  |2020-10-20 22:38:24 |2020-10-20 22:38:24 |제목1      |내용1      |
|51  |2020-10-20 22:38:24 |2020-10-20 22:38:24 |제목3      |내용3      |
|50  |2020-10-20 22:38:24 |2020-10-20 22:38:24 |제목2      |내용2      |
|49  |2020-10-20 22:38:24 |2020-10-20 22:38:24 |제목1      |내용1      |
|48  |2020-10-20 22:38:24 |2020-10-20 22:38:24 |제목3      |내용3      |
|47  |2020-10-20 22:38:24 |2020-10-20 22:38:24 |제목2      |내용2      |
|46  |2020-10-20 22:38:24 |2020-10-20 22:38:24 |제목1      |내용1      |
|----|--------------------|--------------------|---------|---------|

2020-10-22 20:18:16 [INFO ] o.s.s.c.ThreadPoolTaskExecutor - Shutting down ExecutorService 'applicationTaskExecutor'
2020-10-22 20:18:16 [INFO ] com.zaxxer.hikari.HikariDataSource - HikariPool-5 - Shutdown initiated...
2020-10-22 20:18:16 [INFO ] com.zaxxer.hikari.HikariDataSource - HikariPool-5 - Shutdown completed.
2020-10-22 20:18:16 [INFO ] c.sbs.example.lolHi.LolHiApplication - Starting LolHiApplication on DESKTOP-PSJ7LQ1 with PID 2140 (C:\work\sts-4.7.1.RELEASE-workspace\lolHi\target\classes started by user in C:\work\sts-4.7.1.RELEASE-workspace\lolHi)
2020-10-22 20:18:16 [INFO ] c.sbs.example.lolHi.LolHiApplication - The following profiles are active: local
2020-10-22 20:18:16 [INFO ] o.s.b.w.e.tomcat.TomcatWebServer - Tomcat initialized with port(s): 8085 (http)
2020-10-22 20:18:16 [INFO ] o.a.coyote.http11.Http11NioProtocol - Initializing ProtocolHandler ["http-nio-8085"]
2020-10-22 20:18:16 [INFO ] o.a.catalina.core.StandardService - Starting service [Tomcat]
2020-10-22 20:18:16 [INFO ] o.a.catalina.core.StandardEngine - Starting Servlet engine: [Apache Tomcat/9.0.38]
2020-10-22 20:18:16 [INFO ] org.apache.jasper.servlet.TldScanner - At least one JAR was scanned for TLDs yet contained no TLDs. Enable debug logging for this logger for a complete list of JARs that were scanned but no TLDs were found in them. Skipping unneeded JARs during scanning can improve startup time and JSP compilation time.
2020-10-22 20:18:16 [INFO ] o.a.c.c.C.[Tomcat].[localhost].[/] - Initializing Spring embedded WebApplicationContext
2020-10-22 20:18:16 [INFO ] o.s.b.w.s.c.ServletWebServerApplicationContext - Root WebApplicationContext: initialization completed in 177 ms
2020-10-22 20:18:16 [INFO ] o.s.s.c.ThreadPoolTaskExecutor - Initializing ExecutorService 'applicationTaskExecutor'
2020-10-22 20:18:16 [INFO ] o.s.b.d.a.OptionalLiveReloadServer - LiveReload server is running on port 35729
2020-10-22 20:18:16 [INFO ] o.a.coyote.http11.Http11NioProtocol - Starting ProtocolHandler ["http-nio-8085"]
2020-10-22 20:18:16 [INFO ] o.s.b.w.e.tomcat.TomcatWebServer - Tomcat started on port(s): 8085 (http) with context path ''
2020-10-22 20:18:16 [INFO ] c.sbs.example.lolHi.LolHiApplication - Started LolHiApplication in 0.305 seconds (JVM running for 659.294)
2020-10-22 20:18:16 [INFO ] o.s.b.d.a.ConditionEvaluationDeltaLoggingListener - Condition evaluation unchanged
2020-10-22 20:18:18 [INFO ] o.a.c.c.C.[Tomcat].[localhost].[/] - Initializing Spring DispatcherServlet 'dispatcherServlet'
2020-10-22 20:18:18 [INFO ] o.s.web.servlet.DispatcherServlet - Initializing Servlet 'dispatcherServlet'
2020-10-22 20:18:18 [INFO ] o.s.web.servlet.DispatcherServlet - Completed initialization in 1 ms
2020-10-22 20:18:32 [INFO ] com.zaxxer.hikari.HikariDataSource - HikariPool-6 - Starting...
2020-10-22 20:18:32 [INFO ] com.zaxxer.hikari.HikariDataSource - HikariPool-6 - Start completed.
2020-10-22 20:18:32 [DEBUG] jdbc.sqltiming -  com.zaxxer.hikari.pool.ProxyPreparedStatement.execute(ProxyPreparedStatement.java:44)
51. SELECT COUNT(*)
		FROM article
 {executed in 0 msec}
2020-10-22 20:18:32 [INFO ] jdbc.resultsettable - 
|---------|
|count(*) |
|---------|
|55       |
|---------|

2020-10-22 20:18:32 [DEBUG] jdbc.sqltiming -  com.zaxxer.hikari.pool.ProxyPreparedStatement.execute(ProxyPreparedStatement.java:44)
51. SELECT *
		FROM article
		ORDER BY id DESC

			LIMIT 0, 10
 {executed in 1 msec}
2020-10-22 20:18:32 [INFO ] jdbc.resultsettable - 
|----|--------------------|--------------------|---------|---------|
|id  |regdate             |updatedate          |title    |body     |
|----|--------------------|--------------------|---------|---------|
|512 |2020-10-22 20:13:30 |2020-10-22 20:13:30 |dasf     |asdf     |
|511 |2020-10-22 20:12:34 |2020-10-22 20:12:34 |adafsasd |asdffasf |
|53  |2020-10-20 22:38:24 |2020-10-20 22:38:24 |제목2      |내용2      |
|52  |2020-10-20 22:38:24 |2020-10-20 22:38:24 |제목1      |내용1      |
|51  |2020-10-20 22:38:24 |2020-10-20 22:38:24 |제목3      |내용3      |
|50  |2020-10-20 22:38:24 |2020-10-20 22:38:24 |제목2      |내용2      |
|49  |2020-10-20 22:38:24 |2020-10-20 22:38:24 |제목1      |내용1      |
|48  |2020-10-20 22:38:24 |2020-10-20 22:38:24 |제목3      |내용3      |
|47  |2020-10-20 22:38:24 |2020-10-20 22:38:24 |제목2      |내용2      |
|46  |2020-10-20 22:38:24 |2020-10-20 22:38:24 |제목1      |내용1      |
|----|--------------------|--------------------|---------|---------|

2020-10-22 20:18:47 [DEBUG] jdbc.sqltiming -  com.zaxxer.hikari.pool.ProxyPreparedStatement.execute(ProxyPreparedStatement.java:44)
51. SELECT *
		FROM `member`
		WHERE loginId = 'guest'
 {executed in 0 msec}
2020-10-22 20:18:47 [INFO ] jdbc.resultsettable - 
|---|--------------------|--------------------|------|--------|--------|
|id |regdate             |updatedate          |name  |loginid |loginpw |
|---|--------------------|--------------------|------|--------|--------|
|1  |2020-10-19 23:34:56 |2020-10-19 23:34:56 |guest |guest   |guest   |
|---|--------------------|--------------------|------|--------|--------|

2020-10-22 20:18:48 [DEBUG] jdbc.sqltiming -  com.zaxxer.hikari.pool.ProxyPreparedStatement.execute(ProxyPreparedStatement.java:44)
51. SELECT COUNT(*)
		FROM article
 {executed in 1 msec}
2020-10-22 20:18:48 [INFO ] jdbc.resultsettable - 
|---------|
|count(*) |
|---------|
|55       |
|---------|

2020-10-22 20:18:48 [DEBUG] jdbc.sqltiming -  com.zaxxer.hikari.pool.ProxyPreparedStatement.execute(ProxyPreparedStatement.java:44)
51. SELECT *
		FROM article
		ORDER BY id DESC

			LIMIT 0, 10
 {executed in 0 msec}
2020-10-22 20:18:48 [INFO ] jdbc.resultsettable - 
|----|--------------------|--------------------|---------|---------|
|id  |regdate             |updatedate          |title    |body     |
|----|--------------------|--------------------|---------|---------|
|512 |2020-10-22 20:13:30 |2020-10-22 20:13:30 |dasf     |asdf     |
|511 |2020-10-22 20:12:34 |2020-10-22 20:12:34 |adafsasd |asdffasf |
|53  |2020-10-20 22:38:24 |2020-10-20 22:38:24 |제목2      |내용2      |
|52  |2020-10-20 22:38:24 |2020-10-20 22:38:24 |제목1      |내용1      |
|51  |2020-10-20 22:38:24 |2020-10-20 22:38:24 |제목3      |내용3      |
|50  |2020-10-20 22:38:24 |2020-10-20 22:38:24 |제목2      |내용2      |
|49  |2020-10-20 22:38:24 |2020-10-20 22:38:24 |제목1      |내용1      |
|48  |2020-10-20 22:38:24 |2020-10-20 22:38:24 |제목3      |내용3      |
|47  |2020-10-20 22:38:24 |2020-10-20 22:38:24 |제목2      |내용2      |
|46  |2020-10-20 22:38:24 |2020-10-20 22:38:24 |제목1      |내용1      |
|----|--------------------|--------------------|---------|---------|

2020-10-22 20:18:55 [DEBUG] jdbc.sqltiming -  com.zaxxer.hikari.pool.ProxyPreparedStatement.execute(ProxyPreparedStatement.java:44)
51. INSERT INTO article
		 SET regDate = NOW(),
			updateDate = NOW(),
			title='dsaf',
			`body`='asdf'
 {executed in 2 msec}
2020-10-22 20:18:55 [DEBUG] jdbc.sqltiming -  com.zaxxer.hikari.pool.ProxyStatement.getGeneratedKeys(ProxyStatement.java:230)
51. getGeneratedKeys on query: INSERT INTO article
		 SET regDate = NOW(),
			updateDate = NOW(),
			title='dsaf',
			`body`='asdf'
 {executed in 0 msec}
2020-10-22 20:18:55 [INFO ] jdbc.resultsettable - 
|--------------|
|generated_key |
|--------------|
|513           |
|--------------|

2020-10-22 20:18:55 [DEBUG] jdbc.sqltiming -  com.zaxxer.hikari.pool.ProxyPreparedStatement.execute(ProxyPreparedStatement.java:44)
51. SELECT COUNT(*)
		FROM article
 {executed in 0 msec}
2020-10-22 20:18:55 [INFO ] jdbc.resultsettable - 
|---------|
|count(*) |
|---------|
|56       |
|---------|

2020-10-22 20:18:55 [DEBUG] jdbc.sqltiming -  com.zaxxer.hikari.pool.ProxyPreparedStatement.execute(ProxyPreparedStatement.java:44)
51. SELECT *
		FROM article
		ORDER BY id DESC

			LIMIT 0, 10
 {executed in 1 msec}
2020-10-22 20:18:55 [INFO ] jdbc.resultsettable - 
|----|--------------------|--------------------|---------|---------|
|id  |regdate             |updatedate          |title    |body     |
|----|--------------------|--------------------|---------|---------|
|513 |2020-10-22 20:18:55 |2020-10-22 20:18:55 |dsaf     |asdf     |
|512 |2020-10-22 20:13:30 |2020-10-22 20:13:30 |dasf     |asdf     |
|511 |2020-10-22 20:12:34 |2020-10-22 20:12:34 |adafsasd |asdffasf |
|53  |2020-10-20 22:38:24 |2020-10-20 22:38:24 |제목2      |내용2      |
|52  |2020-10-20 22:38:24 |2020-10-20 22:38:24 |제목1      |내용1      |
|51  |2020-10-20 22:38:24 |2020-10-20 22:38:24 |제목3      |내용3      |
|50  |2020-10-20 22:38:24 |2020-10-20 22:38:24 |제목2      |내용2      |
|49  |2020-10-20 22:38:24 |2020-10-20 22:38:24 |제목1      |내용1      |
|48  |2020-10-20 22:38:24 |2020-10-20 22:38:24 |제목3      |내용3      |
|47  |2020-10-20 22:38:24 |2020-10-20 22:38:24 |제목2      |내용2      |
|----|--------------------|--------------------|---------|---------|

2020-10-22 20:19:03 [DEBUG] jdbc.sqltiming -  com.zaxxer.hikari.pool.ProxyPreparedStatement.execute(ProxyPreparedStatement.java:44)
51. SELECT *
		FROM article
		WHERE id = 513
 {executed in 2 msec}
2020-10-22 20:19:03 [INFO ] jdbc.resultsettable - 
|----|--------------------|--------------------|------|-----|
|id  |regdate             |updatedate          |title |body |
|----|--------------------|--------------------|------|-----|
|513 |2020-10-22 20:18:55 |2020-10-22 20:18:55 |dsaf  |asdf |
|----|--------------------|--------------------|------|-----|

2020-10-22 20:19:12 [DEBUG] jdbc.sqltiming -  com.zaxxer.hikari.pool.ProxyPreparedStatement.execute(ProxyPreparedStatement.java:44)
51. SELECT COUNT(*)
		FROM article
 {executed in 0 msec}
2020-10-22 20:19:12 [INFO ] jdbc.resultsettable - 
|---------|
|count(*) |
|---------|
|56       |
|---------|

2020-10-22 20:19:12 [DEBUG] jdbc.sqltiming -  com.zaxxer.hikari.pool.ProxyPreparedStatement.execute(ProxyPreparedStatement.java:44)
51. SELECT *
		FROM article
		ORDER BY id DESC

			LIMIT 0, 10
 {executed in 0 msec}
2020-10-22 20:19:12 [INFO ] jdbc.resultsettable - 
|----|--------------------|--------------------|---------|---------|
|id  |regdate             |updatedate          |title    |body     |
|----|--------------------|--------------------|---------|---------|
|513 |2020-10-22 20:18:55 |2020-10-22 20:18:55 |dsaf     |asdf     |
|512 |2020-10-22 20:13:30 |2020-10-22 20:13:30 |dasf     |asdf     |
|511 |2020-10-22 20:12:34 |2020-10-22 20:12:34 |adafsasd |asdffasf |
|53  |2020-10-20 22:38:24 |2020-10-20 22:38:24 |제목2      |내용2      |
|52  |2020-10-20 22:38:24 |2020-10-20 22:38:24 |제목1      |내용1      |
|51  |2020-10-20 22:38:24 |2020-10-20 22:38:24 |제목3      |내용3      |
|50  |2020-10-20 22:38:24 |2020-10-20 22:38:24 |제목2      |내용2      |
|49  |2020-10-20 22:38:24 |2020-10-20 22:38:24 |제목1      |내용1      |
|48  |2020-10-20 22:38:24 |2020-10-20 22:38:24 |제목3      |내용3      |
|47  |2020-10-20 22:38:24 |2020-10-20 22:38:24 |제목2      |내용2      |
|----|--------------------|--------------------|---------|---------|

2020-10-22 20:19:15 [DEBUG] jdbc.sqltiming -  com.zaxxer.hikari.pool.ProxyPreparedStatement.execute(ProxyPreparedStatement.java:44)
51. SELECT COUNT(*)
		FROM article
 {executed in 1 msec}
2020-10-22 20:19:15 [INFO ] jdbc.resultsettable - 
|---------|
|count(*) |
|---------|
|56       |
|---------|

2020-10-22 20:19:15 [DEBUG] jdbc.sqltiming -  com.zaxxer.hikari.pool.ProxyPreparedStatement.execute(ProxyPreparedStatement.java:44)
51. SELECT *
		FROM article
		ORDER BY id DESC

			LIMIT 0, 10
 {executed in 1 msec}
2020-10-22 20:19:15 [INFO ] jdbc.resultsettable - 
|----|--------------------|--------------------|---------|---------|
|id  |regdate             |updatedate          |title    |body     |
|----|--------------------|--------------------|---------|---------|
|513 |2020-10-22 20:18:55 |2020-10-22 20:18:55 |dsaf     |asdf     |
|512 |2020-10-22 20:13:30 |2020-10-22 20:13:30 |dasf     |asdf     |
|511 |2020-10-22 20:12:34 |2020-10-22 20:12:34 |adafsasd |asdffasf |
|53  |2020-10-20 22:38:24 |2020-10-20 22:38:24 |제목2      |내용2      |
|52  |2020-10-20 22:38:24 |2020-10-20 22:38:24 |제목1      |내용1      |
|51  |2020-10-20 22:38:24 |2020-10-20 22:38:24 |제목3      |내용3      |
|50  |2020-10-20 22:38:24 |2020-10-20 22:38:24 |제목2      |내용2      |
|49  |2020-10-20 22:38:24 |2020-10-20 22:38:24 |제목1      |내용1      |
|48  |2020-10-20 22:38:24 |2020-10-20 22:38:24 |제목3      |내용3      |
|47  |2020-10-20 22:38:24 |2020-10-20 22:38:24 |제목2      |내용2      |
|----|--------------------|--------------------|---------|---------|

2020-10-22 20:19:52 [INFO ] o.s.s.c.ThreadPoolTaskExecutor - Shutting down ExecutorService 'applicationTaskExecutor'
2020-10-22 20:19:52 [INFO ] com.zaxxer.hikari.HikariDataSource - HikariPool-6 - Shutdown initiated...
2020-10-22 20:19:52 [INFO ] com.zaxxer.hikari.HikariDataSource - HikariPool-6 - Shutdown completed.
2020-10-22 20:19:52 [INFO ] c.sbs.example.lolHi.LolHiApplication - Starting LolHiApplication on DESKTOP-PSJ7LQ1 with PID 2140 (C:\work\sts-4.7.1.RELEASE-workspace\lolHi\target\classes started by user in C:\work\sts-4.7.1.RELEASE-workspace\lolHi)
2020-10-22 20:19:52 [INFO ] c.sbs.example.lolHi.LolHiApplication - The following profiles are active: local
2020-10-22 20:19:52 [INFO ] o.s.b.w.e.tomcat.TomcatWebServer - Tomcat initialized with port(s): 8085 (http)
2020-10-22 20:19:52 [INFO ] o.a.coyote.http11.Http11NioProtocol - Initializing ProtocolHandler ["http-nio-8085"]
2020-10-22 20:19:52 [INFO ] o.a.catalina.core.StandardService - Starting service [Tomcat]
2020-10-22 20:19:52 [INFO ] o.a.catalina.core.StandardEngine - Starting Servlet engine: [Apache Tomcat/9.0.38]
2020-10-22 20:19:52 [INFO ] org.apache.jasper.servlet.TldScanner - At least one JAR was scanned for TLDs yet contained no TLDs. Enable debug logging for this logger for a complete list of JARs that were scanned but no TLDs were found in them. Skipping unneeded JARs during scanning can improve startup time and JSP compilation time.
2020-10-22 20:19:52 [INFO ] o.a.c.c.C.[Tomcat].[localhost].[/] - Initializing Spring embedded WebApplicationContext
2020-10-22 20:19:52 [INFO ] o.s.b.w.s.c.ServletWebServerApplicationContext - Root WebApplicationContext: initialization completed in 162 ms
2020-10-22 20:19:52 [INFO ] o.s.s.c.ThreadPoolTaskExecutor - Initializing ExecutorService 'applicationTaskExecutor'
2020-10-22 20:19:52 [INFO ] o.s.b.d.a.OptionalLiveReloadServer - LiveReload server is running on port 35729
2020-10-22 20:19:52 [INFO ] o.a.coyote.http11.Http11NioProtocol - Starting ProtocolHandler ["http-nio-8085"]
2020-10-22 20:19:52 [INFO ] o.s.b.w.e.tomcat.TomcatWebServer - Tomcat started on port(s): 8085 (http) with context path ''
2020-10-22 20:19:52 [INFO ] c.sbs.example.lolHi.LolHiApplication - Started LolHiApplication in 0.271 seconds (JVM running for 755.531)
2020-10-22 20:19:52 [INFO ] o.s.b.d.a.ConditionEvaluationDeltaLoggingListener - Condition evaluation unchanged
2020-10-22 20:19:52 [INFO ] o.a.c.c.C.[Tomcat].[localhost].[/] - Initializing Spring DispatcherServlet 'dispatcherServlet'
2020-10-22 20:19:52 [INFO ] o.s.web.servlet.DispatcherServlet - Initializing Servlet 'dispatcherServlet'
2020-10-22 20:19:52 [INFO ] o.s.web.servlet.DispatcherServlet - Completed initialization in 1 ms
2020-10-22 20:23:22 [INFO ] o.s.s.c.ThreadPoolTaskExecutor - Shutting down ExecutorService 'applicationTaskExecutor'
